2024-06-06T09:41:06.062+02:00  INFO 38136 --- [restartedMain] es.dws.PracticaSD.Application            : Starting Application using Java 20.0.1 with PID 38136 (C:\Users\laura\Desktop\SD_PracticeEO_LGG\target\classes started by laura in C:\Users\laura\Desktop\SD_PracticeEO_LGG)
2024-06-06T09:41:06.062+02:00 DEBUG 38136 --- [restartedMain] es.dws.PracticaSD.Application            : Running with Spring Boot v3.0.2, Spring v6.0.4
2024-06-06T09:41:06.062+02:00  INFO 38136 --- [restartedMain] es.dws.PracticaSD.Application            : No active profile set, falling back to 1 default profile: "default"
2024-06-06T09:41:06.174+02:00  INFO 38136 --- [restartedMain] .e.DevToolsPropertyDefaultsPostProcessor : Devtools property defaults active! Set 'spring.devtools.add-properties' to 'false' to disable
2024-06-06T09:41:06.174+02:00  INFO 38136 --- [restartedMain] .e.DevToolsPropertyDefaultsPostProcessor : For additional web related logging consider setting the 'logging.level.web' property to 'DEBUG'
2024-06-06T09:41:06.947+02:00  INFO 38136 --- [restartedMain] .s.d.r.c.RepositoryConfigurationDelegate : Bootstrapping Spring Data JPA repositories in DEFAULT mode.
2024-06-06T09:41:07.010+02:00  INFO 38136 --- [restartedMain] .s.d.r.c.RepositoryConfigurationDelegate : Finished Spring Data repository scanning in 54 ms. Found 1 JPA repository interfaces.
2024-06-06T09:41:08.190+02:00  INFO 38136 --- [restartedMain] o.s.b.w.embedded.tomcat.TomcatWebServer  : Tomcat initialized with port(s): 8080 (http)
2024-06-06T09:41:08.215+02:00  INFO 38136 --- [restartedMain] o.apache.catalina.core.StandardService   : Starting service [Tomcat]
2024-06-06T09:41:08.215+02:00  INFO 38136 --- [restartedMain] o.apache.catalina.core.StandardEngine    : Starting Servlet engine: [Apache Tomcat/10.1.5]
2024-06-06T09:41:08.300+02:00  INFO 38136 --- [restartedMain] o.a.c.c.C.[Tomcat].[localhost].[/]       : Initializing Spring embedded WebApplicationContext
2024-06-06T09:41:08.300+02:00  INFO 38136 --- [restartedMain] w.s.c.ServletWebServerApplicationContext : Root WebApplicationContext: initialization completed in 2126 ms
2024-06-06T09:41:08.363+02:00  INFO 38136 --- [restartedMain] com.zaxxer.hikari.HikariDataSource       : HikariPool-1 - Starting...
2024-06-06T09:41:08.670+02:00  INFO 38136 --- [restartedMain] com.zaxxer.hikari.pool.HikariPool        : HikariPool-1 - Added connection conn0: url=jdbc:h2:mem:testdb user=SA
2024-06-06T09:41:08.683+02:00  INFO 38136 --- [restartedMain] com.zaxxer.hikari.HikariDataSource       : HikariPool-1 - Start completed.
2024-06-06T09:41:08.703+02:00  INFO 38136 --- [restartedMain] o.s.b.a.h2.H2ConsoleAutoConfiguration    : H2 console available at '/h2-console'. Database available at 'jdbc:h2:mem:testdb'
2024-06-06T09:41:09.013+02:00  INFO 38136 --- [restartedMain] o.hibernate.jpa.internal.util.LogHelper  : HHH000204: Processing PersistenceUnitInfo [name: default]
2024-06-06T09:41:09.108+02:00  INFO 38136 --- [restartedMain] org.hibernate.Version                    : HHH000412: Hibernate ORM core version 6.1.6.Final
2024-06-06T09:41:09.421+02:00  WARN 38136 --- [restartedMain] org.hibernate.orm.deprecation            : HHH90000021: Encountered deprecated setting [javax.persistence.sharedCache.mode], use [jakarta.persistence.sharedCache.mode] instead
2024-06-06T09:41:09.649+02:00  INFO 38136 --- [restartedMain] SQL dialect                              : HHH000400: Using dialect: org.hibernate.dialect.H2Dialect
2024-06-06T09:41:10.417+02:00 DEBUG 38136 --- [restartedMain] org.hibernate.SQL                        : 
    
    drop table if exists users cascade 
2024-06-06T09:41:10.420+02:00 DEBUG 38136 --- [restartedMain] org.hibernate.SQL                        : 
    
    create table users (
       id bigint generated by default as identity,
        edad integer not null,
        membresia varchar(255),
        nombre varchar(255),
        primary key (id)
    )
2024-06-06T09:41:10.420+02:00  INFO 38136 --- [restartedMain] o.h.e.t.j.p.i.JtaPlatformInitiator       : HHH000490: Using JtaPlatform implementation: [org.hibernate.engine.transaction.jta.platform.internal.NoJtaPlatform]
2024-06-06T09:41:10.433+02:00  INFO 38136 --- [restartedMain] j.LocalContainerEntityManagerFactoryBean : Initialized JPA EntityManagerFactory for persistence unit 'default'
2024-06-06T09:41:10.755+02:00  WARN 38136 --- [restartedMain] JpaBaseConfiguration$JpaWebConfiguration : spring.jpa.open-in-view is enabled by default. Therefore, database queries may be performed during view rendering. Explicitly configure spring.jpa.open-in-view to disable this warning
2024-06-06T09:41:10.969+02:00  INFO 38136 --- [restartedMain] o.s.b.a.w.s.WelcomePageHandlerMapping    : Adding welcome page template: index
2024-06-06T09:41:11.270+02:00  INFO 38136 --- [restartedMain] o.s.b.d.a.OptionalLiveReloadServer       : LiveReload server is running on port 35729
2024-06-06T09:41:11.316+02:00  INFO 38136 --- [restartedMain] o.s.b.w.embedded.tomcat.TomcatWebServer  : Tomcat started on port(s): 8080 (http) with context path ''
2024-06-06T09:41:11.331+02:00  INFO 38136 --- [restartedMain] es.dws.PracticaSD.Application            : Started Application in 5.898 seconds (process running for 13.38)
2024-06-06T09:41:21.799+02:00  INFO 38136 --- [http-nio-8080-exec-1] o.a.c.c.C.[Tomcat].[localhost].[/]       : Initializing Spring DispatcherServlet 'dispatcherServlet'
2024-06-06T09:41:21.799+02:00  INFO 38136 --- [http-nio-8080-exec-1] o.s.web.servlet.DispatcherServlet        : Initializing Servlet 'dispatcherServlet'
2024-06-06T09:41:21.802+02:00  INFO 38136 --- [http-nio-8080-exec-1] o.s.web.servlet.DispatcherServlet        : Completed initialization in 3 ms
2024-06-06T09:41:22.301+02:00 DEBUG 38136 --- [http-nio-8080-exec-4] org.hibernate.SQL                        : 
    select
        u1_0.id,
        u1_0.edad,
        u1_0.membresia,
        u1_0.nombre 
    from
        users u1_0
2024-06-06T09:41:25.476+02:00 DEBUG 38136 --- [http-nio-8080-exec-1] org.hibernate.SQL                        : 
    select
        u1_0.id,
        u1_0.edad,
        u1_0.membresia,
        u1_0.nombre 
    from
        users u1_0
2024-06-06T09:41:45.511+02:00 DEBUG 38136 --- [http-nio-8080-exec-7] org.hibernate.SQL                        : 
    insert 
    into
        users
        (id, edad, membresia, nombre) 
    values
        (default, ?, ?, ?)
2024-06-06T09:41:46.858+02:00 DEBUG 38136 --- [http-nio-8080-exec-1] org.hibernate.SQL                        : 
    select
        u1_0.id,
        u1_0.edad,
        u1_0.membresia,
        u1_0.nombre 
    from
        users u1_0
2024-06-06T09:41:52.368+02:00 DEBUG 38136 --- [http-nio-8080-exec-6] org.hibernate.SQL                        : 
    select
        u1_0.id,
        u1_0.edad,
        u1_0.membresia,
        u1_0.nombre 
    from
        users u1_0 
    where
        u1_0.id=?
2024-06-06T09:41:52.384+02:00 DEBUG 38136 --- [http-nio-8080-exec-6] org.hibernate.SQL                        : 
    delete 
    from
        users 
    where
        id=?
2024-06-06T09:41:53.703+02:00 DEBUG 38136 --- [http-nio-8080-exec-3] org.hibernate.SQL                        : 
    select
        u1_0.id,
        u1_0.edad,
        u1_0.membresia,
        u1_0.nombre 
    from
        users u1_0
2024-06-06T09:42:11.083+02:00 DEBUG 38136 --- [http-nio-8080-exec-6] org.hibernate.SQL                        : 
    select
        u1_0.id,
        u1_0.edad,
        u1_0.membresia,
        u1_0.nombre 
    from
        users u1_0
2024-06-06T09:42:17.932+02:00 DEBUG 38136 --- [http-nio-8080-exec-3] org.hibernate.SQL                        : 
    insert 
    into
        users
        (id, edad, membresia, nombre) 
    values
        (default, ?, ?, ?)
2024-06-06T09:42:19.251+02:00 DEBUG 38136 --- [http-nio-8080-exec-5] org.hibernate.SQL                        : 
    select
        u1_0.id,
        u1_0.edad,
        u1_0.membresia,
        u1_0.nombre 
    from
        users u1_0
2024-06-06T09:42:32.557+02:00 DEBUG 38136 --- [http-nio-8080-exec-4] org.hibernate.SQL                        : 
    select
        u1_0.id,
        u1_0.edad,
        u1_0.membresia,
        u1_0.nombre 
    from
        users u1_0 
    where
        u1_0.id=?
2024-06-06T09:42:32.564+02:00 DEBUG 38136 --- [http-nio-8080-exec-4] org.hibernate.SQL                        : 
    delete 
    from
        users 
    where
        id=?
2024-06-06T09:42:33.622+02:00 DEBUG 38136 --- [http-nio-8080-exec-6] org.hibernate.SQL                        : 
    select
        u1_0.id,
        u1_0.edad,
        u1_0.membresia,
        u1_0.nombre 
    from
        users u1_0
2024-06-06T09:47:25.096+02:00  INFO 38136 --- [SpringApplicationShutdownHook] j.LocalContainerEntityManagerFactoryBean : Closing JPA EntityManagerFactory for persistence unit 'default'
2024-06-06T09:47:25.098+02:00  INFO 38136 --- [SpringApplicationShutdownHook] .SchemaDropperImpl$DelayedDropActionImpl : HHH000477: Starting delayed evictData of schema as part of SessionFactory shut-down'
2024-06-06T09:47:25.099+02:00 DEBUG 38136 --- [SpringApplicationShutdownHook] org.hibernate.SQL                        : 
    
    drop table if exists users cascade 
2024-06-06T09:47:25.498+02:00  WARN 38136 --- [SpringApplicationShutdownHook] o.s.b.f.support.DisposableBeanAdapter    : Invocation of destroy method failed on bean with name 'inMemoryDatabaseShutdownExecutor': org.h2.jdbc.JdbcSQLNonTransientConnectionException: La base de datos ya esta cerrada (para des-habilitar el cerrado automatico durante el shutdown de la VM, agregue ";DB_CLOSE_ON_EXIT=FALSE" a la URL de conexi贸n)
Database is already closed (to disable automatic closing at VM shutdown, add ";DB_CLOSE_ON_EXIT=FALSE" to the db URL) [90121-214]
2024-06-06T09:47:25.500+02:00  INFO 38136 --- [SpringApplicationShutdownHook] com.zaxxer.hikari.HikariDataSource       : HikariPool-1 - Shutdown initiated...
2024-06-06T09:47:25.640+02:00  INFO 38136 --- [SpringApplicationShutdownHook] com.zaxxer.hikari.HikariDataSource       : HikariPool-1 - Shutdown completed.
2024-06-06T09:47:50.236+02:00  INFO 29908 --- [restartedMain] es.dws.PracticaSD.Application            : Starting Application using Java 20.0.1 with PID 29908 (C:\Users\laura\Desktop\SD_PracticeEO_LGG\target\classes started by laura in C:\Users\laura\Desktop\SD_PracticeEO_LGG)
2024-06-06T09:47:50.238+02:00 DEBUG 29908 --- [restartedMain] es.dws.PracticaSD.Application            : Running with Spring Boot v3.0.2, Spring v6.0.4
2024-06-06T09:47:50.241+02:00  INFO 29908 --- [restartedMain] es.dws.PracticaSD.Application            : No active profile set, falling back to 1 default profile: "default"
2024-06-06T09:47:50.348+02:00  INFO 29908 --- [restartedMain] .e.DevToolsPropertyDefaultsPostProcessor : Devtools property defaults active! Set 'spring.devtools.add-properties' to 'false' to disable
2024-06-06T09:47:50.348+02:00  INFO 29908 --- [restartedMain] .e.DevToolsPropertyDefaultsPostProcessor : For additional web related logging consider setting the 'logging.level.web' property to 'DEBUG'
2024-06-06T09:47:50.922+02:00  INFO 29908 --- [restartedMain] .s.d.r.c.RepositoryConfigurationDelegate : Bootstrapping Spring Data JPA repositories in DEFAULT mode.
2024-06-06T09:47:50.978+02:00  INFO 29908 --- [restartedMain] .s.d.r.c.RepositoryConfigurationDelegate : Finished Spring Data repository scanning in 47 ms. Found 1 JPA repository interfaces.
2024-06-06T09:47:51.980+02:00  INFO 29908 --- [restartedMain] o.s.b.w.embedded.tomcat.TomcatWebServer  : Tomcat initialized with port(s): 8080 (http)
2024-06-06T09:47:51.999+02:00  INFO 29908 --- [restartedMain] o.apache.catalina.core.StandardService   : Starting service [Tomcat]
2024-06-06T09:47:52.000+02:00  INFO 29908 --- [restartedMain] o.apache.catalina.core.StandardEngine    : Starting Servlet engine: [Apache Tomcat/10.1.5]
2024-06-06T09:47:52.078+02:00  INFO 29908 --- [restartedMain] o.a.c.c.C.[Tomcat].[localhost].[/]       : Initializing Spring embedded WebApplicationContext
2024-06-06T09:47:52.078+02:00  INFO 29908 --- [restartedMain] w.s.c.ServletWebServerApplicationContext : Root WebApplicationContext: initialization completed in 1729 ms
2024-06-06T09:47:52.119+02:00  INFO 29908 --- [restartedMain] com.zaxxer.hikari.HikariDataSource       : HikariPool-1 - Starting...
2024-06-06T09:47:52.374+02:00  INFO 29908 --- [restartedMain] com.zaxxer.hikari.pool.HikariPool        : HikariPool-1 - Added connection conn0: url=jdbc:h2:mem:testdb user=SA
2024-06-06T09:47:52.376+02:00  INFO 29908 --- [restartedMain] com.zaxxer.hikari.HikariDataSource       : HikariPool-1 - Start completed.
2024-06-06T09:47:52.389+02:00  INFO 29908 --- [restartedMain] o.s.b.a.h2.H2ConsoleAutoConfiguration    : H2 console available at '/h2-console'. Database available at 'jdbc:h2:mem:testdb'
2024-06-06T09:47:52.629+02:00  INFO 29908 --- [restartedMain] o.hibernate.jpa.internal.util.LogHelper  : HHH000204: Processing PersistenceUnitInfo [name: default]
2024-06-06T09:47:52.711+02:00  INFO 29908 --- [restartedMain] org.hibernate.Version                    : HHH000412: Hibernate ORM core version 6.1.6.Final
2024-06-06T09:47:52.949+02:00  WARN 29908 --- [restartedMain] org.hibernate.orm.deprecation            : HHH90000021: Encountered deprecated setting [javax.persistence.sharedCache.mode], use [jakarta.persistence.sharedCache.mode] instead
2024-06-06T09:47:53.114+02:00  INFO 29908 --- [restartedMain] SQL dialect                              : HHH000400: Using dialect: org.hibernate.dialect.H2Dialect
2024-06-06T09:47:53.819+02:00 DEBUG 29908 --- [restartedMain] org.hibernate.SQL                        : 
    
    drop table if exists users cascade 
2024-06-06T09:47:53.828+02:00 DEBUG 29908 --- [restartedMain] org.hibernate.SQL                        : 
    
    create table users (
       id bigint generated by default as identity,
        edad integer not null,
        membresia varchar(255),
        nombre varchar(255),
        primary key (id)
    )
2024-06-06T09:47:53.832+02:00  INFO 29908 --- [restartedMain] o.h.e.t.j.p.i.JtaPlatformInitiator       : HHH000490: Using JtaPlatform implementation: [org.hibernate.engine.transaction.jta.platform.internal.NoJtaPlatform]
2024-06-06T09:47:53.841+02:00  INFO 29908 --- [restartedMain] j.LocalContainerEntityManagerFactoryBean : Initialized JPA EntityManagerFactory for persistence unit 'default'
2024-06-06T09:47:54.137+02:00  WARN 29908 --- [restartedMain] JpaBaseConfiguration$JpaWebConfiguration : spring.jpa.open-in-view is enabled by default. Therefore, database queries may be performed during view rendering. Explicitly configure spring.jpa.open-in-view to disable this warning
2024-06-06T09:47:54.329+02:00  INFO 29908 --- [restartedMain] o.s.b.a.w.s.WelcomePageHandlerMapping    : Adding welcome page template: index
2024-06-06T09:47:54.572+02:00  INFO 29908 --- [restartedMain] o.s.b.d.a.OptionalLiveReloadServer       : LiveReload server is running on port 35729
2024-06-06T09:47:54.616+02:00  INFO 29908 --- [restartedMain] o.s.b.w.embedded.tomcat.TomcatWebServer  : Tomcat started on port(s): 8080 (http) with context path ''
2024-06-06T09:47:54.631+02:00  INFO 29908 --- [restartedMain] es.dws.PracticaSD.Application            : Started Application in 5.024 seconds (process running for 5.609)
2024-06-06T09:48:02.807+02:00  INFO 29908 --- [http-nio-8080-exec-1] o.a.c.c.C.[Tomcat].[localhost].[/]       : Initializing Spring DispatcherServlet 'dispatcherServlet'
2024-06-06T09:48:02.807+02:00  INFO 29908 --- [http-nio-8080-exec-1] o.s.web.servlet.DispatcherServlet        : Initializing Servlet 'dispatcherServlet'
2024-06-06T09:48:02.807+02:00  INFO 29908 --- [http-nio-8080-exec-1] o.s.web.servlet.DispatcherServlet        : Completed initialization in 0 ms
2024-06-06T09:48:27.862+02:00 DEBUG 29908 --- [http-nio-8080-exec-7] org.hibernate.SQL                        : 
    select
        u1_0.id,
        u1_0.edad,
        u1_0.membresia,
        u1_0.nombre 
    from
        users u1_0
2024-06-06T09:51:51.162+02:00  INFO 29908 --- [SpringApplicationShutdownHook] j.LocalContainerEntityManagerFactoryBean : Closing JPA EntityManagerFactory for persistence unit 'default'
2024-06-06T09:51:51.162+02:00  INFO 29908 --- [SpringApplicationShutdownHook] .SchemaDropperImpl$DelayedDropActionImpl : HHH000477: Starting delayed evictData of schema as part of SessionFactory shut-down'
2024-06-06T09:51:51.162+02:00 DEBUG 29908 --- [SpringApplicationShutdownHook] org.hibernate.SQL                        : 
    
    drop table if exists users cascade 
2024-06-06T09:51:51.569+02:00  WARN 29908 --- [SpringApplicationShutdownHook] o.s.b.f.support.DisposableBeanAdapter    : Invocation of destroy method failed on bean with name 'inMemoryDatabaseShutdownExecutor': org.h2.jdbc.JdbcSQLNonTransientConnectionException: La base de datos ya esta cerrada (para des-habilitar el cerrado automatico durante el shutdown de la VM, agregue ";DB_CLOSE_ON_EXIT=FALSE" a la URL de conexi贸n)
Database is already closed (to disable automatic closing at VM shutdown, add ";DB_CLOSE_ON_EXIT=FALSE" to the db URL) [90121-214]
2024-06-06T09:51:51.569+02:00  INFO 29908 --- [SpringApplicationShutdownHook] com.zaxxer.hikari.HikariDataSource       : HikariPool-1 - Shutdown initiated...
2024-06-06T09:51:51.725+02:00  INFO 29908 --- [SpringApplicationShutdownHook] com.zaxxer.hikari.HikariDataSource       : HikariPool-1 - Shutdown completed.
2024-06-06T09:52:03.994+02:00  INFO 13216 --- [restartedMain] es.dws.PracticaSD.Application            : Starting Application using Java 20.0.1 with PID 13216 (C:\Users\laura\Desktop\SD_PracticeEO_LGG\target\classes started by laura in C:\Users\laura\Desktop\SD_PracticeEO_LGG)
2024-06-06T09:52:03.996+02:00 DEBUG 13216 --- [restartedMain] es.dws.PracticaSD.Application            : Running with Spring Boot v3.0.2, Spring v6.0.4
2024-06-06T09:52:03.996+02:00  INFO 13216 --- [restartedMain] es.dws.PracticaSD.Application            : No active profile set, falling back to 1 default profile: "default"
2024-06-06T09:52:04.088+02:00  INFO 13216 --- [restartedMain] .e.DevToolsPropertyDefaultsPostProcessor : Devtools property defaults active! Set 'spring.devtools.add-properties' to 'false' to disable
2024-06-06T09:52:04.088+02:00  INFO 13216 --- [restartedMain] .e.DevToolsPropertyDefaultsPostProcessor : For additional web related logging consider setting the 'logging.level.web' property to 'DEBUG'
2024-06-06T09:52:04.637+02:00  INFO 13216 --- [restartedMain] .s.d.r.c.RepositoryConfigurationDelegate : Bootstrapping Spring Data JPA repositories in DEFAULT mode.
2024-06-06T09:52:04.700+02:00  INFO 13216 --- [restartedMain] .s.d.r.c.RepositoryConfigurationDelegate : Finished Spring Data repository scanning in 42 ms. Found 1 JPA repository interfaces.
2024-06-06T09:52:05.648+02:00  INFO 13216 --- [restartedMain] o.s.b.w.embedded.tomcat.TomcatWebServer  : Tomcat initialized with port(s): 8080 (http)
2024-06-06T09:52:05.664+02:00  INFO 13216 --- [restartedMain] o.apache.catalina.core.StandardService   : Starting service [Tomcat]
2024-06-06T09:52:05.664+02:00  INFO 13216 --- [restartedMain] o.apache.catalina.core.StandardEngine    : Starting Servlet engine: [Apache Tomcat/10.1.5]
2024-06-06T09:52:05.740+02:00  INFO 13216 --- [restartedMain] o.a.c.c.C.[Tomcat].[localhost].[/]       : Initializing Spring embedded WebApplicationContext
2024-06-06T09:52:05.740+02:00  INFO 13216 --- [restartedMain] w.s.c.ServletWebServerApplicationContext : Root WebApplicationContext: initialization completed in 1652 ms
2024-06-06T09:52:05.777+02:00  INFO 13216 --- [restartedMain] com.zaxxer.hikari.HikariDataSource       : HikariPool-1 - Starting...
2024-06-06T09:52:05.992+02:00  INFO 13216 --- [restartedMain] com.zaxxer.hikari.pool.HikariPool        : HikariPool-1 - Added connection conn0: url=jdbc:h2:mem:testdb user=SA
2024-06-06T09:52:05.992+02:00  INFO 13216 --- [restartedMain] com.zaxxer.hikari.HikariDataSource       : HikariPool-1 - Start completed.
2024-06-06T09:52:06.017+02:00  INFO 13216 --- [restartedMain] o.s.b.a.h2.H2ConsoleAutoConfiguration    : H2 console available at '/h2-console'. Database available at 'jdbc:h2:mem:testdb'
2024-06-06T09:52:06.261+02:00  INFO 13216 --- [restartedMain] o.hibernate.jpa.internal.util.LogHelper  : HHH000204: Processing PersistenceUnitInfo [name: default]
2024-06-06T09:52:06.324+02:00  INFO 13216 --- [restartedMain] org.hibernate.Version                    : HHH000412: Hibernate ORM core version 6.1.6.Final
2024-06-06T09:52:06.561+02:00  WARN 13216 --- [restartedMain] org.hibernate.orm.deprecation            : HHH90000021: Encountered deprecated setting [javax.persistence.sharedCache.mode], use [jakarta.persistence.sharedCache.mode] instead
2024-06-06T09:52:06.717+02:00  INFO 13216 --- [restartedMain] SQL dialect                              : HHH000400: Using dialect: org.hibernate.dialect.H2Dialect
2024-06-06T09:52:07.443+02:00 DEBUG 13216 --- [restartedMain] org.hibernate.SQL                        : 
    
    drop table if exists users cascade 
2024-06-06T09:52:07.443+02:00 DEBUG 13216 --- [restartedMain] org.hibernate.SQL                        : 
    
    create table users (
       id bigint generated by default as identity,
        edad integer not null,
        membresia varchar(255),
        nombre varchar(255),
        primary key (id)
    )
2024-06-06T09:52:07.455+02:00  INFO 13216 --- [restartedMain] o.h.e.t.j.p.i.JtaPlatformInitiator       : HHH000490: Using JtaPlatform implementation: [org.hibernate.engine.transaction.jta.platform.internal.NoJtaPlatform]
2024-06-06T09:52:07.459+02:00  INFO 13216 --- [restartedMain] j.LocalContainerEntityManagerFactoryBean : Initialized JPA EntityManagerFactory for persistence unit 'default'
2024-06-06T09:52:07.759+02:00  WARN 13216 --- [restartedMain] JpaBaseConfiguration$JpaWebConfiguration : spring.jpa.open-in-view is enabled by default. Therefore, database queries may be performed during view rendering. Explicitly configure spring.jpa.open-in-view to disable this warning
2024-06-06T09:52:07.917+02:00  INFO 13216 --- [restartedMain] o.s.b.a.w.s.WelcomePageHandlerMapping    : Adding welcome page template: index
2024-06-06T09:52:08.153+02:00  INFO 13216 --- [restartedMain] o.s.b.d.a.OptionalLiveReloadServer       : LiveReload server is running on port 35729
2024-06-06T09:52:08.198+02:00  INFO 13216 --- [restartedMain] o.s.b.w.embedded.tomcat.TomcatWebServer  : Tomcat started on port(s): 8080 (http) with context path ''
2024-06-06T09:52:08.211+02:00  INFO 13216 --- [restartedMain] es.dws.PracticaSD.Application            : Started Application in 4.795 seconds (process running for 5.372)
2024-06-06T09:52:11.601+02:00  INFO 13216 --- [http-nio-8080-exec-2] o.a.c.c.C.[Tomcat].[localhost].[/]       : Initializing Spring DispatcherServlet 'dispatcherServlet'
2024-06-06T09:52:11.601+02:00  INFO 13216 --- [http-nio-8080-exec-2] o.s.web.servlet.DispatcherServlet        : Initializing Servlet 'dispatcherServlet'
2024-06-06T09:52:11.611+02:00  INFO 13216 --- [http-nio-8080-exec-2] o.s.web.servlet.DispatcherServlet        : Completed initialization in 10 ms
2024-06-06T10:06:53.629+02:00  INFO 13216 --- [SpringApplicationShutdownHook] j.LocalContainerEntityManagerFactoryBean : Closing JPA EntityManagerFactory for persistence unit 'default'
2024-06-06T10:06:53.629+02:00  INFO 13216 --- [SpringApplicationShutdownHook] .SchemaDropperImpl$DelayedDropActionImpl : HHH000477: Starting delayed evictData of schema as part of SessionFactory shut-down'
2024-06-06T10:06:53.629+02:00 DEBUG 13216 --- [SpringApplicationShutdownHook] org.hibernate.SQL                        : 
    
    drop table if exists users cascade 
2024-06-06T10:06:54.053+02:00  WARN 13216 --- [SpringApplicationShutdownHook] o.s.b.f.support.DisposableBeanAdapter    : Invocation of destroy method failed on bean with name 'inMemoryDatabaseShutdownExecutor': org.h2.jdbc.JdbcSQLNonTransientConnectionException: La base de datos ya esta cerrada (para des-habilitar el cerrado automatico durante el shutdown de la VM, agregue ";DB_CLOSE_ON_EXIT=FALSE" a la URL de conexi贸n)
Database is already closed (to disable automatic closing at VM shutdown, add ";DB_CLOSE_ON_EXIT=FALSE" to the db URL) [90121-214]
2024-06-06T10:06:54.053+02:00  INFO 13216 --- [SpringApplicationShutdownHook] com.zaxxer.hikari.HikariDataSource       : HikariPool-1 - Shutdown initiated...
2024-06-06T10:06:54.196+02:00  INFO 13216 --- [SpringApplicationShutdownHook] com.zaxxer.hikari.HikariDataSource       : HikariPool-1 - Shutdown completed.
2024-06-06T10:07:16.029+02:00  INFO 29772 --- [restartedMain] es.dws.PracticaSD.Application            : Starting Application using Java 20.0.1 with PID 29772 (C:\Users\laura\Desktop\SD_PracticeEO_LGG\target\classes started by laura in C:\Users\laura\Desktop\SD_PracticeEO_LGG)
2024-06-06T10:07:16.029+02:00 DEBUG 29772 --- [restartedMain] es.dws.PracticaSD.Application            : Running with Spring Boot v3.0.2, Spring v6.0.4
2024-06-06T10:07:16.029+02:00  INFO 29772 --- [restartedMain] es.dws.PracticaSD.Application            : No active profile set, falling back to 1 default profile: "default"
2024-06-06T10:07:16.139+02:00  INFO 29772 --- [restartedMain] .e.DevToolsPropertyDefaultsPostProcessor : Devtools property defaults active! Set 'spring.devtools.add-properties' to 'false' to disable
2024-06-06T10:07:16.139+02:00  INFO 29772 --- [restartedMain] .e.DevToolsPropertyDefaultsPostProcessor : For additional web related logging consider setting the 'logging.level.web' property to 'DEBUG'
2024-06-06T10:07:16.777+02:00  INFO 29772 --- [restartedMain] .s.d.r.c.RepositoryConfigurationDelegate : Bootstrapping Spring Data JPA repositories in DEFAULT mode.
2024-06-06T10:07:16.833+02:00  INFO 29772 --- [restartedMain] .s.d.r.c.RepositoryConfigurationDelegate : Finished Spring Data repository scanning in 48 ms. Found 1 JPA repository interfaces.
2024-06-06T10:07:17.851+02:00  INFO 29772 --- [restartedMain] o.s.b.w.embedded.tomcat.TomcatWebServer  : Tomcat initialized with port(s): 8080 (http)
2024-06-06T10:07:17.874+02:00  INFO 29772 --- [restartedMain] o.apache.catalina.core.StandardService   : Starting service [Tomcat]
2024-06-06T10:07:17.874+02:00  INFO 29772 --- [restartedMain] o.apache.catalina.core.StandardEngine    : Starting Servlet engine: [Apache Tomcat/10.1.5]
2024-06-06T10:07:17.937+02:00  INFO 29772 --- [restartedMain] o.a.c.c.C.[Tomcat].[localhost].[/]       : Initializing Spring embedded WebApplicationContext
2024-06-06T10:07:17.937+02:00  INFO 29772 --- [restartedMain] w.s.c.ServletWebServerApplicationContext : Root WebApplicationContext: initialization completed in 1798 ms
2024-06-06T10:07:17.984+02:00  INFO 29772 --- [restartedMain] com.zaxxer.hikari.HikariDataSource       : HikariPool-1 - Starting...
2024-06-06T10:07:18.237+02:00  INFO 29772 --- [restartedMain] com.zaxxer.hikari.pool.HikariPool        : HikariPool-1 - Added connection conn0: url=jdbc:h2:mem:testdb user=SA
2024-06-06T10:07:18.237+02:00  INFO 29772 --- [restartedMain] com.zaxxer.hikari.HikariDataSource       : HikariPool-1 - Start completed.
2024-06-06T10:07:18.251+02:00  INFO 29772 --- [restartedMain] o.s.b.a.h2.H2ConsoleAutoConfiguration    : H2 console available at '/h2-console'. Database available at 'jdbc:h2:mem:testdb'
2024-06-06T10:07:18.503+02:00  INFO 29772 --- [restartedMain] o.hibernate.jpa.internal.util.LogHelper  : HHH000204: Processing PersistenceUnitInfo [name: default]
2024-06-06T10:07:18.565+02:00  INFO 29772 --- [restartedMain] org.hibernate.Version                    : HHH000412: Hibernate ORM core version 6.1.6.Final
2024-06-06T10:07:18.810+02:00  WARN 29772 --- [restartedMain] org.hibernate.orm.deprecation            : HHH90000021: Encountered deprecated setting [javax.persistence.sharedCache.mode], use [jakarta.persistence.sharedCache.mode] instead
2024-06-06T10:07:18.989+02:00  INFO 29772 --- [restartedMain] SQL dialect                              : HHH000400: Using dialect: org.hibernate.dialect.H2Dialect
2024-06-06T10:07:19.681+02:00 DEBUG 29772 --- [restartedMain] org.hibernate.SQL                        : 
    
    drop table if exists users cascade 
2024-06-06T10:07:19.697+02:00 DEBUG 29772 --- [restartedMain] org.hibernate.SQL                        : 
    
    create table users (
       id bigint generated by default as identity,
        edad integer not null,
        membresia varchar(255),
        nombre varchar(255),
        primary key (id)
    )
2024-06-06T10:07:19.706+02:00  INFO 29772 --- [restartedMain] o.h.e.t.j.p.i.JtaPlatformInitiator       : HHH000490: Using JtaPlatform implementation: [org.hibernate.engine.transaction.jta.platform.internal.NoJtaPlatform]
2024-06-06T10:07:19.714+02:00  INFO 29772 --- [restartedMain] j.LocalContainerEntityManagerFactoryBean : Initialized JPA EntityManagerFactory for persistence unit 'default'
2024-06-06T10:07:20.027+02:00  WARN 29772 --- [restartedMain] JpaBaseConfiguration$JpaWebConfiguration : spring.jpa.open-in-view is enabled by default. Therefore, database queries may be performed during view rendering. Explicitly configure spring.jpa.open-in-view to disable this warning
2024-06-06T10:07:20.215+02:00  INFO 29772 --- [restartedMain] o.s.b.a.w.s.WelcomePageHandlerMapping    : Adding welcome page template: index
2024-06-06T10:07:20.451+02:00  INFO 29772 --- [restartedMain] o.s.b.d.a.OptionalLiveReloadServer       : LiveReload server is running on port 35729
2024-06-06T10:07:20.498+02:00  INFO 29772 --- [restartedMain] o.s.b.w.embedded.tomcat.TomcatWebServer  : Tomcat started on port(s): 8080 (http) with context path ''
2024-06-06T10:07:20.521+02:00  INFO 29772 --- [restartedMain] es.dws.PracticaSD.Application            : Started Application in 5.086 seconds (process running for 5.671)
2024-06-06T10:07:28.752+02:00  INFO 29772 --- [http-nio-8080-exec-2] o.a.c.c.C.[Tomcat].[localhost].[/]       : Initializing Spring DispatcherServlet 'dispatcherServlet'
2024-06-06T10:07:28.752+02:00  INFO 29772 --- [http-nio-8080-exec-2] o.s.web.servlet.DispatcherServlet        : Initializing Servlet 'dispatcherServlet'
2024-06-06T10:07:28.755+02:00  INFO 29772 --- [http-nio-8080-exec-2] o.s.web.servlet.DispatcherServlet        : Completed initialization in 3 ms
2024-06-06T10:07:31.392+02:00 DEBUG 29772 --- [http-nio-8080-exec-8] org.hibernate.SQL                        : 
    select
        u1_0.id,
        u1_0.edad,
        u1_0.membresia,
        u1_0.nombre 
    from
        users u1_0
2024-06-06T10:07:33.864+02:00 DEBUG 29772 --- [http-nio-8080-exec-9] org.hibernate.SQL                        : 
    insert 
    into
        users
        (id, edad, membresia, nombre) 
    values
        (default, ?, ?, ?)
2024-06-06T10:07:35.342+02:00 DEBUG 29772 --- [http-nio-8080-exec-10] org.hibernate.SQL                        : 
    select
        u1_0.id,
        u1_0.edad,
        u1_0.membresia,
        u1_0.nombre 
    from
        users u1_0
2024-06-06T10:11:08.468+02:00  INFO 29772 --- [SpringApplicationShutdownHook] j.LocalContainerEntityManagerFactoryBean : Closing JPA EntityManagerFactory for persistence unit 'default'
2024-06-06T10:11:08.468+02:00  INFO 29772 --- [SpringApplicationShutdownHook] .SchemaDropperImpl$DelayedDropActionImpl : HHH000477: Starting delayed evictData of schema as part of SessionFactory shut-down'
2024-06-06T10:11:08.468+02:00 DEBUG 29772 --- [SpringApplicationShutdownHook] org.hibernate.SQL                        : 
    
    drop table if exists users cascade 
2024-06-06T10:11:08.866+02:00  WARN 29772 --- [SpringApplicationShutdownHook] o.s.b.f.support.DisposableBeanAdapter    : Invocation of destroy method failed on bean with name 'inMemoryDatabaseShutdownExecutor': org.h2.jdbc.JdbcSQLNonTransientConnectionException: La base de datos ya esta cerrada (para des-habilitar el cerrado automatico durante el shutdown de la VM, agregue ";DB_CLOSE_ON_EXIT=FALSE" a la URL de conexi贸n)
Database is already closed (to disable automatic closing at VM shutdown, add ";DB_CLOSE_ON_EXIT=FALSE" to the db URL) [90121-214]
2024-06-06T10:11:08.866+02:00  INFO 29772 --- [SpringApplicationShutdownHook] com.zaxxer.hikari.HikariDataSource       : HikariPool-1 - Shutdown initiated...
2024-06-06T10:11:09.022+02:00  INFO 29772 --- [SpringApplicationShutdownHook] com.zaxxer.hikari.HikariDataSource       : HikariPool-1 - Shutdown completed.
2024-06-06T10:11:20.184+02:00  INFO 25880 --- [restartedMain] es.dws.PracticaSD.Application            : Starting Application using Java 20.0.1 with PID 25880 (C:\Users\laura\Desktop\SD_PracticeEO_LGG\target\classes started by laura in C:\Users\laura\Desktop\SD_PracticeEO_LGG)
2024-06-06T10:11:20.184+02:00 DEBUG 25880 --- [restartedMain] es.dws.PracticaSD.Application            : Running with Spring Boot v3.0.2, Spring v6.0.4
2024-06-06T10:11:20.184+02:00  INFO 25880 --- [restartedMain] es.dws.PracticaSD.Application            : No active profile set, falling back to 1 default profile: "default"
2024-06-06T10:11:20.296+02:00  INFO 25880 --- [restartedMain] .e.DevToolsPropertyDefaultsPostProcessor : Devtools property defaults active! Set 'spring.devtools.add-properties' to 'false' to disable
2024-06-06T10:11:20.296+02:00  INFO 25880 --- [restartedMain] .e.DevToolsPropertyDefaultsPostProcessor : For additional web related logging consider setting the 'logging.level.web' property to 'DEBUG'
2024-06-06T10:11:20.919+02:00  INFO 25880 --- [restartedMain] .s.d.r.c.RepositoryConfigurationDelegate : Bootstrapping Spring Data JPA repositories in DEFAULT mode.
2024-06-06T10:11:20.968+02:00  INFO 25880 --- [restartedMain] .s.d.r.c.RepositoryConfigurationDelegate : Finished Spring Data repository scanning in 38 ms. Found 1 JPA repository interfaces.
2024-06-06T10:11:22.074+02:00  INFO 25880 --- [restartedMain] o.s.b.w.embedded.tomcat.TomcatWebServer  : Tomcat initialized with port(s): 8080 (http)
2024-06-06T10:11:22.088+02:00  INFO 25880 --- [restartedMain] o.apache.catalina.core.StandardService   : Starting service [Tomcat]
2024-06-06T10:11:22.088+02:00  INFO 25880 --- [restartedMain] o.apache.catalina.core.StandardEngine    : Starting Servlet engine: [Apache Tomcat/10.1.5]
2024-06-06T10:11:22.171+02:00  INFO 25880 --- [restartedMain] o.a.c.c.C.[Tomcat].[localhost].[/]       : Initializing Spring embedded WebApplicationContext
2024-06-06T10:11:22.171+02:00  INFO 25880 --- [restartedMain] w.s.c.ServletWebServerApplicationContext : Root WebApplicationContext: initialization completed in 1875 ms
2024-06-06T10:11:22.206+02:00  INFO 25880 --- [restartedMain] com.zaxxer.hikari.HikariDataSource       : HikariPool-1 - Starting...
2024-06-06T10:11:22.487+02:00  INFO 25880 --- [restartedMain] com.zaxxer.hikari.pool.HikariPool        : HikariPool-1 - Added connection conn0: url=jdbc:h2:mem:testdb user=SA
2024-06-06T10:11:22.490+02:00  INFO 25880 --- [restartedMain] com.zaxxer.hikari.HikariDataSource       : HikariPool-1 - Start completed.
2024-06-06T10:11:22.506+02:00  INFO 25880 --- [restartedMain] o.s.b.a.h2.H2ConsoleAutoConfiguration    : H2 console available at '/h2-console'. Database available at 'jdbc:h2:mem:testdb'
2024-06-06T10:11:22.734+02:00  INFO 25880 --- [restartedMain] o.hibernate.jpa.internal.util.LogHelper  : HHH000204: Processing PersistenceUnitInfo [name: default]
2024-06-06T10:11:22.810+02:00  INFO 25880 --- [restartedMain] org.hibernate.Version                    : HHH000412: Hibernate ORM core version 6.1.6.Final
2024-06-06T10:11:23.025+02:00  WARN 25880 --- [restartedMain] org.hibernate.orm.deprecation            : HHH90000021: Encountered deprecated setting [javax.persistence.sharedCache.mode], use [jakarta.persistence.sharedCache.mode] instead
2024-06-06T10:11:23.205+02:00  INFO 25880 --- [restartedMain] SQL dialect                              : HHH000400: Using dialect: org.hibernate.dialect.H2Dialect
2024-06-06T10:11:23.942+02:00 DEBUG 25880 --- [restartedMain] org.hibernate.SQL                        : 
    
    drop table if exists users cascade 
2024-06-06T10:11:23.949+02:00 DEBUG 25880 --- [restartedMain] org.hibernate.SQL                        : 
    
    create table users (
       id bigint generated by default as identity,
        edad integer not null,
        membresia varchar(255),
        nombre varchar(255),
        primary key (id)
    )
2024-06-06T10:11:23.956+02:00  INFO 25880 --- [restartedMain] o.h.e.t.j.p.i.JtaPlatformInitiator       : HHH000490: Using JtaPlatform implementation: [org.hibernate.engine.transaction.jta.platform.internal.NoJtaPlatform]
2024-06-06T10:11:23.963+02:00  INFO 25880 --- [restartedMain] j.LocalContainerEntityManagerFactoryBean : Initialized JPA EntityManagerFactory for persistence unit 'default'
2024-06-06T10:11:24.289+02:00  WARN 25880 --- [restartedMain] JpaBaseConfiguration$JpaWebConfiguration : spring.jpa.open-in-view is enabled by default. Therefore, database queries may be performed during view rendering. Explicitly configure spring.jpa.open-in-view to disable this warning
2024-06-06T10:11:24.472+02:00  INFO 25880 --- [restartedMain] o.s.b.a.w.s.WelcomePageHandlerMapping    : Adding welcome page template: index
2024-06-06T10:11:24.740+02:00  INFO 25880 --- [restartedMain] o.s.b.d.a.OptionalLiveReloadServer       : LiveReload server is running on port 35729
2024-06-06T10:11:24.796+02:00  INFO 25880 --- [restartedMain] o.s.b.w.embedded.tomcat.TomcatWebServer  : Tomcat started on port(s): 8080 (http) with context path ''
2024-06-06T10:11:24.810+02:00  INFO 25880 --- [restartedMain] es.dws.PracticaSD.Application            : Started Application in 5.27 seconds (process running for 5.86)
2024-06-06T10:11:33.438+02:00  INFO 25880 --- [http-nio-8080-exec-1] o.a.c.c.C.[Tomcat].[localhost].[/]       : Initializing Spring DispatcherServlet 'dispatcherServlet'
2024-06-06T10:11:33.438+02:00  INFO 25880 --- [http-nio-8080-exec-1] o.s.web.servlet.DispatcherServlet        : Initializing Servlet 'dispatcherServlet'
2024-06-06T10:11:33.445+02:00  INFO 25880 --- [http-nio-8080-exec-1] o.s.web.servlet.DispatcherServlet        : Completed initialization in 7 ms
2024-06-06T10:11:37.215+02:00 DEBUG 25880 --- [http-nio-8080-exec-3] org.hibernate.SQL                        : 
    select
        u1_0.id,
        u1_0.edad,
        u1_0.membresia,
        u1_0.nombre 
    from
        users u1_0
2024-06-06T10:11:39.446+02:00 DEBUG 25880 --- [http-nio-8080-exec-5] org.hibernate.SQL                        : 
    insert 
    into
        users
        (id, edad, membresia, nombre) 
    values
        (default, ?, ?, ?)
2024-06-06T10:11:41.543+02:00 DEBUG 25880 --- [http-nio-8080-exec-6] org.hibernate.SQL                        : 
    select
        u1_0.id,
        u1_0.edad,
        u1_0.membresia,
        u1_0.nombre 
    from
        users u1_0
